Palle University Mobile/build/outputs/logs/manifest-merger-debug-report.txt
-- Merging decision tree log ---
manifest
ADDED from src\main\AndroidManifest.xml:2:1-131:12
	package
		ADDED from src\main\AndroidManifest.xml:3:5-32
		INJECTED from src\main\AndroidManifest.xml
		INJECTED from src\main\AndroidManifest.xml
	android:versionName
		ADDED from src\main\AndroidManifest.xml:5:5-30
		INJECTED from src\main\AndroidManifest.xml
		INJECTED from src\main\AndroidManifest.xml
	android:versionCode
		ADDED from src\main\AndroidManifest.xml:4:5-28
		INJECTED from src\main\AndroidManifest.xml
		INJECTED from src\main\AndroidManifest.xml
	xmlns:android
		ADDED from src\main\AndroidManifest.xml:2:11-69
uses-sdk
ADDED from src\main\AndroidManifest.xml:7:5-9:41
MERGED from [com.android.support:appcompat-v7:23.1.1] AndroidManifest.xml:20:5-43
MERGED from [com.android.support:support-v4:23.1.1] AndroidManifest.xml:20:5-43
MERGED from [com.android.support:support-v4:23.1.1] AndroidManifest.xml:20:5-43
MERGED from [com.android.support:cardview-v7:23.1.1] AndroidManifest.xml:20:5-43
MERGED from [com.android.support:design:23.1.1] AndroidManifest.xml:20:5-43
MERGED from [com.android.support:appcompat-v7:23.1.1] AndroidManifest.xml:20:5-43
MERGED from [com.android.support:support-v4:23.1.1] AndroidManifest.xml:20:5-43
MERGED from [com.android.support:recyclerview-v7:23.1.1] AndroidManifest.xml:20:5-43
MERGED from [com.android.support:support-v4:23.1.1] AndroidManifest.xml:20:5-43
MERGED from [com.android.support:support-v4:23.1.1] AndroidManifest.xml:20:5-43
MERGED from [com.google.android.gms:play-services-appindexing:8.1.0] AndroidManifest.xml:18:5-42
MERGED from [com.google.android.gms:play-services-basement:8.1.0] AndroidManifest.xml:18:5-42
MERGED from [com.android.support:support-v4:23.1.1] AndroidManifest.xml:20:5-43
	android:targetSdkVersion
		ADDED from src\main\AndroidManifest.xml:9:9-38
		INJECTED from src\main\AndroidManifest.xml
		INJECTED from src\main\AndroidManifest.xml
	android:minSdkVersion
		ADDED from src\main\AndroidManifest.xml:8:9-34
		INJECTED from src\main\AndroidManifest.xml
		INJECTED from src\main\AndroidManifest.xml
uses-permission#android.permission.CAMERA
ADDED from src\main\AndroidManifest.xml:12:5-65
	android:name
		ADDED from src\main\AndroidManifest.xml:12:22-62
uses-permission#android.permission.VIBRATE
ADDED from src\main\AndroidManifest.xml:13:5-66
	android:name
		ADDED from src\main\AndroidManifest.xml:13:22-63
uses-permission#android.permission.CALL_PHONE
ADDED from src\main\AndroidManifest.xml:14:5-69
	android:name
		ADDED from src\main\AndroidManifest.xml:14:22-66
uses-feature#android.hardware.camera
ADDED from src\main\AndroidManifest.xml:16:5-18:36
	android:required
		ADDED from src\main\AndroidManifest.xml:18:9-33
	android:name
		ADDED from src\main\AndroidManifest.xml:17:9-47
uses-feature#android.hardware.camera.autofocus
ADDED from src\main\AndroidManifest.xml:19:5-21:36
	android:required
		ADDED from src\main\AndroidManifest.xml:21:9-33
	android:name
		ADDED from src\main\AndroidManifest.xml:20:9-57
uses-permission#android.permission.WAKE_LOCK
ADDED from src\main\AndroidManifest.xml:25:5-68
	android:name
		ADDED from src\main\AndroidManifest.xml:25:22-65
uses-permission#android.permission.READ_PHONE_STATE
ADDED from src\main\AndroidManifest.xml:26:5-75
	android:name
		ADDED from src\main\AndroidManifest.xml:26:22-72
uses-permission#android.permission.INTERNET
ADDED from src\main\AndroidManifest.xml:27:5-67
	android:name
		ADDED from src\main\AndroidManifest.xml:27:22-64
uses-permission#android.permission.ACCESS_NETWORK_STATE
ADDED from src\main\AndroidManifest.xml:28:5-79
	android:name
		ADDED from src\main\AndroidManifest.xml:28:22-76
uses-permission#android.permission.WRITE_EXTERNAL_STORAGE
ADDED from src\main\AndroidManifest.xml:29:5-81
	android:name
		ADDED from src\main\AndroidManifest.xml:29:22-78
android:uses-permission#android.permission.READ_EXTERNAL_STORAGE
ADDED from src\main\AndroidManifest.xml:31:5-88
	android:name
		ADDED from src\main\AndroidManifest.xml:31:30-85
application
ADDED from src\main\AndroidManifest.xml:33:5-129:19
MERGED from [com.android.support:appcompat-v7:23.1.1] AndroidManifest.xml:22:5-20
MERGED from [com.android.support:support-v4:23.1.1] AndroidManifest.xml:22:5-20
MERGED from [com.android.support:support-v4:23.1.1] AndroidManifest.xml:22:5-20
MERGED from [com.android.support:cardview-v7:23.1.1] AndroidManifest.xml:22:5-20
MERGED from [com.android.support:design:23.1.1] AndroidManifest.xml:22:5-20
MERGED from [com.android.support:appcompat-v7:23.1.1] AndroidManifest.xml:22:5-20
MERGED from [com.android.support:support-v4:23.1.1] AndroidManifest.xml:22:5-20
MERGED from [com.android.support:support-v4:23.1.1] AndroidManifest.xml:22:5-20
MERGED from [com.android.support:support-v4:23.1.1] AndroidManifest.xml:22:5-20
MERGED from [com.google.android.gms:play-services-appindexing:8.1.0] AndroidManifest.xml:19:5-20
MERGED from [com.google.android.gms:play-services-basement:8.1.0] AndroidManifest.xml:20:5-24:19
MERGED from [com.android.support:support-v4:23.1.1] AndroidManifest.xml:22:5-20
	android:label
		ADDED from src\main\AndroidManifest.xml:36:9-41
	android:allowBackup
		ADDED from src\main\AndroidManifest.xml:34:9-35
	android:icon
		ADDED from src\main\AndroidManifest.xml:35:9-69
	android:theme
		ADDED from src\main\AndroidManifest.xml:37:9-40
activity#com.techpalle.poc.HomeActivity
ADDED from src\main\AndroidManifest.xml:38:9-46:20
	android:screenOrientation
		ADDED from src\main\AndroidManifest.xml:40:13-49
	android:name
		ADDED from src\main\AndroidManifest.xml:39:13-41
intent-filter#android.intent.action.MAIN+android.intent.category.LAUNCHER
ADDED from src\main\AndroidManifest.xml:41:13-45:29
action#android.intent.action.MAIN
ADDED from src\main\AndroidManifest.xml:42:17-69
	android:name
		ADDED from src\main\AndroidManifest.xml:42:25-66
category#android.intent.category.LAUNCHER
ADDED from src\main\AndroidManifest.xml:44:17-77
	android:name
		ADDED from src\main\AndroidManifest.xml:44:27-74
activity#com.techpalle.poc.SDCardActivity
ADDED from src\main\AndroidManifest.xml:47:9-49:52
	android:screenOrientation
		ADDED from src\main\AndroidManifest.xml:49:13-49
	android:name
		ADDED from src\main\AndroidManifest.xml:48:13-43
activity#com.techpalle.poc.VideoPlayActivity
ADDED from src\main\AndroidManifest.xml:50:9-52:53
	android:screenOrientation
		ADDED from src\main\AndroidManifest.xml:52:13-50
	android:name
		ADDED from src\main\AndroidManifest.xml:51:13-46
activity#com.techpalle.poc.CourseDetailsActivity
ADDED from src\main\AndroidManifest.xml:53:9-55:52
	android:screenOrientation
		ADDED from src\main\AndroidManifest.xml:55:13-49
	android:name
		ADDED from src\main\AndroidManifest.xml:54:13-50
activity#com.techpalle.poc.YouTubePalyActivity
ADDED from src\main\AndroidManifest.xml:56:9-58:53
	android:screenOrientation
		ADDED from src\main\AndroidManifest.xml:58:13-50
	android:name
		ADDED from src\main\AndroidManifest.xml:57:13-48
activity#com.techpalle.poc.PurchasedCourseDetailsActivity
ADDED from src\main\AndroidManifest.xml:59:9-61:52
	android:screenOrientation
		ADDED from src\main\AndroidManifest.xml:61:13-49
	android:name
		ADDED from src\main\AndroidManifest.xml:60:13-59
activity#com.techpalle.poc.PurchasedTakeTestActivity
ADDED from src\main\AndroidManifest.xml:62:9-64:52
	android:screenOrientation
		ADDED from src\main\AndroidManifest.xml:64:13-49
	android:name
		ADDED from src\main\AndroidManifest.xml:63:13-54
activity#com.techpalle.poc.InitialScreenActivity
ADDED from src\main\AndroidManifest.xml:67:9-70:52
	android:screenOrientation
		ADDED from src\main\AndroidManifest.xml:70:13-49
	android:label
		ADDED from src\main\AndroidManifest.xml:69:13-45
	android:name
		ADDED from src\main\AndroidManifest.xml:68:13-50
activity#com.techpalle.poc.BillingShippingActivity
ADDED from src\main\AndroidManifest.xml:71:9-74:52
	android:screenOrientation
		ADDED from src\main\AndroidManifest.xml:74:13-49
	android:label
		ADDED from src\main\AndroidManifest.xml:73:13-45
	android:name
		ADDED from src\main\AndroidManifest.xml:72:13-52
activity#com.techpalle.poc.WebViewActivity
ADDED from src\main\AndroidManifest.xml:75:9-78:52
	android:screenOrientation
		ADDED from src\main\AndroidManifest.xml:78:13-49
	android:label
		ADDED from src\main\AndroidManifest.xml:77:13-45
	android:name
		ADDED from src\main\AndroidManifest.xml:76:13-44
activity#com.techpalle.poc.StatusActivity
ADDED from src\main\AndroidManifest.xml:79:9-82:52
	android:screenOrientation
		ADDED from src\main\AndroidManifest.xml:82:13-49
	android:label
		ADDED from src\main\AndroidManifest.xml:81:13-45
	android:name
		ADDED from src\main\AndroidManifest.xml:80:13-43
activity#com.techpalle.poc.PayPalActivity
ADDED from src\main\AndroidManifest.xml:87:9-52
	android:name
		ADDED from src\main\AndroidManifest.xml:87:19-49
service#com.paypal.android.sdk.payments.PayPalService
ADDED from src\main\AndroidManifest.xml:89:9-91:40
	android:exported
		ADDED from src\main\AndroidManifest.xml:91:13-37
	android:name
		ADDED from src\main\AndroidManifest.xml:90:13-73
activity#com.paypal.android.sdk.payments.PaymentActivity
ADDED from src\main\AndroidManifest.xml:93:9-84
	android:name
		ADDED from src\main\AndroidManifest.xml:93:19-81
activity#com.paypal.android.sdk.payments.LoginActivity
ADDED from src\main\AndroidManifest.xml:94:9-82
	android:name
		ADDED from src\main\AndroidManifest.xml:94:19-79
activity#com.paypal.android.sdk.payments.PaymentMethodActivity
ADDED from src\main\AndroidManifest.xml:95:9-90
	android:name
		ADDED from src\main\AndroidManifest.xml:95:19-87
activity#com.paypal.android.sdk.payments.PaymentConfirmActivity
ADDED from src\main\AndroidManifest.xml:96:9-91
	android:name
		ADDED from src\main\AndroidManifest.xml:96:19-88
activity#com.paypal.android.sdk.payments.PayPalFuturePaymentActivity
ADDED from src\main\AndroidManifest.xml:97:9-96
	android:name
		ADDED from src\main\AndroidManifest.xml:97:19-93
activity#com.paypal.android.sdk.payments.FuturePaymentConsentActivity
ADDED from src\main\AndroidManifest.xml:98:9-97
	android:name
		ADDED from src\main\AndroidManifest.xml:98:19-94
activity#com.paypal.android.sdk.payments.FuturePaymentInfoActivity
ADDED from src\main\AndroidManifest.xml:99:9-94
	android:name
		ADDED from src\main\AndroidManifest.xml:99:19-91
activity#com.paypal.android.sdk.payments.PayPalProfileSharingActivity
ADDED from src\main\AndroidManifest.xml:100:9-97
	android:name
		ADDED from src\main\AndroidManifest.xml:100:19-94
activity#com.paypal.android.sdk.payments.ProfileSharingConsentActivity
ADDED from src\main\AndroidManifest.xml:101:9-98
	android:name
		ADDED from src\main\AndroidManifest.xml:101:19-95
activity#io.card.payment.CardIOActivity
ADDED from src\main\AndroidManifest.xml:102:9-104:66
	android:configChanges
		ADDED from src\main\AndroidManifest.xml:104:13-63
	android:name
		ADDED from src\main\AndroidManifest.xml:103:13-58
activity#io.card.payment.DataEntryActivity
ADDED from src\main\AndroidManifest.xml:105:9-70
	android:name
		ADDED from src\main\AndroidManifest.xml:105:19-67
activity#com.techpalle.poc.SignupActivity
ADDED from src\main\AndroidManifest.xml:108:9-110:52
	android:screenOrientation
		ADDED from src\main\AndroidManifest.xml:110:13-49
	android:name
		ADDED from src\main\AndroidManifest.xml:109:13-43
activity#com.techpalle.poc.LoginActivity
ADDED from src\main\AndroidManifest.xml:111:9-113:52
	android:screenOrientation
		ADDED from src\main\AndroidManifest.xml:113:13-49
	android:name
		ADDED from src\main\AndroidManifest.xml:112:13-42
activity#com.techpalle.poc.CoursePurchaseActivity
ADDED from src\main\AndroidManifest.xml:114:9-116:52
	android:screenOrientation
		ADDED from src\main\AndroidManifest.xml:116:13-49
	android:name
		ADDED from src\main\AndroidManifest.xml:115:13-51
activity#com.techpalle.poc.ContactUsActivity
ADDED from src\main\AndroidManifest.xml:117:9-119:52
	android:screenOrientation
		ADDED from src\main\AndroidManifest.xml:119:13-49
	android:name
		ADDED from src\main\AndroidManifest.xml:118:13-46
meta-data#com.google.android.gms.version
ADDED from src\main\AndroidManifest.xml:124:9-126:69
MERGED from [com.google.android.gms:play-services-basement:8.1.0] AndroidManifest.xml:21:9-23:69
	android:value
		ADDED from src\main\AndroidManifest.xml:126:13-66
	android:name
		ADDED from src\main\AndroidManifest.xml:125:13-58
activity#com.techpalle.poc.PalleWebActivity
ADDED from src\main\AndroidManifest.xml:128:9-100
	android:screenOrientation
		ADDED from src\main\AndroidManifest.xml:128:52-88
	android:name
		ADDED from src\main\AndroidManifest.xml:128:19-51